<?xml version="1.0" encoding="UTF-8"?>
<testsuite name="com.javaaround.AppTest" tests="1" skipped="0" failures="0" errors="0" timestamp="2017-04-23T14:59:40" hostname="Shamim-PC" time="0.042">
  <properties/>
  <testcase name="testMain" classname="com.javaaround.AppTest" time="0.042"/>
  <system-out><![CDATA[Hello World!
year = 2017
month = APRIL
month value = 4
day = 23
]]></system-out>
  <system-err><![CDATA[]]></system-err>
</testsuite>
