<?xml version="1.0" encoding="UTF-8"?>
<testsuite name="com.javaaround.AppTest" tests="1" skipped="0" failures="0" errors="0" timestamp="2017-04-23T15:34:31" hostname="Shamim-PC" time="0.032">
  <properties/>
  <testcase name="testMain" classname="com.javaaround.AppTest" time="0.032"/>
  <system-out><![CDATA[Hello World!
Tokyo date and time : 2017-04-23T20:34:31.497
]]></system-out>
  <system-err><![CDATA[]]></system-err>
</testsuite>
