<?xml version="1.0" encoding="UTF-8"?>
<testsuite name="com.javaaround.AppTest" tests="1" skipped="0" failures="0" errors="0" timestamp="2017-04-23T15:05:27" hostname="Shamim-PC" time="0.123">
  <properties/>
  <testcase name="testMain" classname="com.javaaround.AppTest" time="0.123"/>
  <system-out><![CDATA[Hello World!
HijrahDate : Hijrah-umalqura AH 1438-09-01

--- Ramandan 2016 ---
Start : 2017-05-27
End : 2017-06-24
]]></system-out>
  <system-err><![CDATA[]]></system-err>
</testsuite>
