<?xml version="1.0" encoding="UTF-8"?>
<testsuite name="com.javaaround.AppTest" tests="1" skipped="0" failures="0" errors="0" timestamp="2017-11-28T16:35:31" hostname="shamim-HP-240-G5-Notebook-PC" time="0.044">
  <properties/>
  <testcase name="testMain" classname="com.javaaround.AppTest" time="0.044"/>
  <system-out><![CDATA[a
b
]]></system-out>
  <system-err><![CDATA[]]></system-err>
</testsuite>
