<?xml version="1.0" encoding="UTF-8"?>
<testsuite name="com.javaaround.AppTest" tests="1" skipped="0" failures="0" errors="0" timestamp="2017-04-21T17:49:12" hostname="Shamim-PC" time="0.054">
  <properties/>
  <testcase name="testMain" classname="com.javaaround.AppTest" time="0.054"/>
  <system-out><![CDATA[Hello World!
current date 2017-04-21
current time 23:49:12.280
current datetime 2017-04-21T23:49:12.280
21-04-2017
2017-04-15
tomorrow 2017-04-22
nextMonth 2017-05-21
yesterday 2017-04-20
beforeMonth 2017-03-21
]]></system-out>
  <system-err><![CDATA[]]></system-err>
</testsuite>
