<?xml version="1.0" encoding="UTF-8"?>
<testsuite name="com.javaaround.AppTest" tests="1" skipped="0" failures="0" errors="0" timestamp="2017-11-27T14:50:27" hostname="shamim-HP-240-G5-Notebook-PC" time="0.001">
  <properties/>
  <testcase name="testMain" classname="com.javaaround.AppTest" time="0.001"/>
  <system-out><![CDATA[Hello World!
]]></system-out>
  <system-err><![CDATA[]]></system-err>
</testsuite>
