<?xml version="1.0" encoding="UTF-8"?>
<testsuite name="com.javaaround.AppTest" tests="1" skipped="0" failures="0" errors="0" timestamp="2017-04-22T03:42:02" hostname="Shamim-PC" time="0.062">
  <properties/>
  <testcase name="testMain" classname="com.javaaround.AppTest" time="0.062"/>
  <system-out><![CDATA[Hello World!
current date 1990-12-15
current date 1990-12-15
current time 13:30:15
current datetime 1990-12-15T13:30:15
]]></system-out>
  <system-err><![CDATA[]]></system-err>
</testsuite>
