<?xml version="1.0" encoding="UTF-8"?>
<testsuite name="com.javaaround.AppTest" tests="1" skipped="0" failures="0" errors="0" timestamp="2017-05-11T05:11:43" hostname="Shamim-PC" time="0.071">
  <properties/>
  <testcase name="testMain" classname="com.javaaround.AppTest" time="0.071"/>
  <system-out><![CDATA[Hello World!
2017-05-13
]]></system-out>
  <system-err><![CDATA[]]></system-err>
</testsuite>
