<?xml version="1.0" encoding="UTF-8"?>
<testsuite name="LibraryTest" tests="1" skipped="0" failures="0" errors="0" timestamp="2017-05-30T05:27:21" hostname="Shamim-PC" time="0.007">
  <properties/>
  <testcase name="testSomeLibraryMethod" classname="LibraryTest" time="0.007"/>
  <system-out><![CDATA[]]></system-out>
  <system-err><![CDATA[]]></system-err>
</testsuite>
