<?xml version="1.0" encoding="UTF-8"?>
<testsuite name="com.javaaround.AppTest" tests="1" skipped="0" failures="0" errors="0" timestamp="2017-04-15T12:58:54" hostname="Shamim-PC" time="0.057">
  <properties/>
  <testcase name="testMain" classname="com.javaaround.AppTest" time="0.057"/>
  <system-out><![CDATA[Hello World!
current date 2017-04-15
15-04-2017
2017-04-15
]]></system-out>
  <system-err><![CDATA[]]></system-err>
</testsuite>
